2016-12-14 20:06:56 [127.0.0.1][-][4341t491hrt85akrc9vi6flcn1][error][yii\db\Exception] PDOException: SQLSTATE[42S02]: Base table or view not found: 1146 Table 'newdb.user' doesn't exist in /var/www/html/advanced/vendor/yiisoft/yii2/db/Command.php:900
Stack trace:
#0 /var/www/html/advanced/vendor/yiisoft/yii2/db/Command.php(900): PDOStatement->execute()
#1 /var/www/html/advanced/vendor/yiisoft/yii2/db/Command.php(376): yii\db\Command->queryInternal('fetch', NULL)
#2 /var/www/html/advanced/vendor/yiisoft/yii2/db/Query.php(247): yii\db\Command->queryOne()
#3 /var/www/html/advanced/vendor/yiisoft/yii2/db/ActiveQuery.php(295): yii\db\Query->one(NULL)
#4 /var/www/html/advanced/vendor/yiisoft/yii2/db/BaseActiveRecord.php(107): yii\db\ActiveQuery->one()
#5 /var/www/html/advanced/common/models/User.php(83): yii\db\BaseActiveRecord::findOne(Array)
#6 /var/www/html/advanced/common/models/LoginForm.php(73): common\models\User::findByUsername('admin')
#7 /var/www/html/advanced/common/models/LoginForm.php(44): common\models\LoginForm->getUser()
#8 [internal function]: common\models\LoginForm->validatePassword('password', NULL)
#9 /var/www/html/advanced/vendor/yiisoft/yii2/validators/InlineValidator.php(69): call_user_func(Array, 'password', NULL)
#10 /var/www/html/advanced/vendor/yiisoft/yii2/validators/Validator.php(265): yii\validators\InlineValidator->validateAttribute(Object(common\models\LoginForm), 'password')
#11 /var/www/html/advanced/vendor/yiisoft/yii2/base/Model.php(356): yii\validators\Validator->validateAttributes(Object(common\models\LoginForm), Array)
#12 /var/www/html/advanced/common/models/LoginForm.php(58): yii\base\Model->validate()
#13 /var/www/html/advanced/frontend/controllers/SiteController.php(90): common\models\LoginForm->login()
#14 [internal function]: frontend\controllers\SiteController->actionLogin()
#15 /var/www/html/advanced/vendor/yiisoft/yii2/base/InlineAction.php(55): call_user_func_array(Array, Array)
#16 /var/www/html/advanced/vendor/yiisoft/yii2/base/Controller.php(154): yii\base\InlineAction->runWithParams(Array)
#17 /var/www/html/advanced/vendor/yiisoft/yii2/base/Module.php(454): yii\base\Controller->runAction('login', Array)
#18 /var/www/html/advanced/vendor/yiisoft/yii2/web/Application.php(100): yii\base\Module->runAction('site/login', Array)
#19 /var/www/html/advanced/vendor/yiisoft/yii2/base/Application.php(375): yii\web\Application->handleRequest(Object(yii\web\Request))
#20 /var/www/html/advanced/frontend/web/index.php(17): yii\base\Application->run()
#21 {main}

Next yii\db\Exception: SQLSTATE[42S02]: Base table or view not found: 1146 Table 'newdb.user' doesn't exist
The SQL being executed was: SELECT * FROM `user` WHERE (`username`='admin') AND (`status`=10) in /var/www/html/advanced/vendor/yiisoft/yii2/db/Schema.php:631
Stack trace:
#0 /var/www/html/advanced/vendor/yiisoft/yii2/db/Command.php(915): yii\db\Schema->convertException(Object(PDOException), 'SELECT * FROM `...')
#1 /var/www/html/advanced/vendor/yiisoft/yii2/db/Command.php(376): yii\db\Command->queryInternal('fetch', NULL)
#2 /var/www/html/advanced/vendor/yiisoft/yii2/db/Query.php(247): yii\db\Command->queryOne()
#3 /var/www/html/advanced/vendor/yiisoft/yii2/db/ActiveQuery.php(295): yii\db\Query->one(NULL)
#4 /var/www/html/advanced/vendor/yiisoft/yii2/db/BaseActiveRecord.php(107): yii\db\ActiveQuery->one()
#5 /var/www/html/advanced/common/models/User.php(83): yii\db\BaseActiveRecord::findOne(Array)
#6 /var/www/html/advanced/common/models/LoginForm.php(73): common\models\User::findByUsername('admin')
#7 /var/www/html/advanced/common/models/LoginForm.php(44): common\models\LoginForm->getUser()
#8 [internal function]: common\models\LoginForm->validatePassword('password', NULL)
#9 /var/www/html/advanced/vendor/yiisoft/yii2/validators/InlineValidator.php(69): call_user_func(Array, 'password', NULL)
#10 /var/www/html/advanced/vendor/yiisoft/yii2/validators/Validator.php(265): yii\validators\InlineValidator->validateAttribute(Object(common\models\LoginForm), 'password')
#11 /var/www/html/advanced/vendor/yiisoft/yii2/base/Model.php(356): yii\validators\Validator->validateAttributes(Object(common\models\LoginForm), Array)
#12 /var/www/html/advanced/common/models/LoginForm.php(58): yii\base\Model->validate()
#13 /var/www/html/advanced/frontend/controllers/SiteController.php(90): common\models\LoginForm->login()
#14 [internal function]: frontend\controllers\SiteController->actionLogin()
#15 /var/www/html/advanced/vendor/yiisoft/yii2/base/InlineAction.php(55): call_user_func_array(Array, Array)
#16 /var/www/html/advanced/vendor/yiisoft/yii2/base/Controller.php(154): yii\base\InlineAction->runWithParams(Array)
#17 /var/www/html/advanced/vendor/yiisoft/yii2/base/Module.php(454): yii\base\Controller->runAction('login', Array)
#18 /var/www/html/advanced/vendor/yiisoft/yii2/web/Application.php(100): yii\base\Module->runAction('site/login', Array)
#19 /var/www/html/advanced/vendor/yiisoft/yii2/base/Application.php(375): yii\web\Application->handleRequest(Object(yii\web\Request))
#20 /var/www/html/advanced/frontend/web/index.php(17): yii\base\Application->run()
#21 {main}
Additional Information:
Array
(
    [0] => 42S02
    [1] => 1146
    [2] => Table 'newdb.user' doesn't exist
)

2016-12-14 20:06:56 [127.0.0.1][-][4341t491hrt85akrc9vi6flcn1][info][application] $_POST = [
    '_csrf-frontend' => 'Rzg5RFZmaFYNcV0iCVdcAyNqVScFACkdJWtxJSAiGCM.c391Hy1aHQ=='
    'LoginForm' => [
        'username' => 'admin'
        'password' => 'admin'
        'rememberMe' => '1'
    ]
    'login-button' => ''
]

$_COOKIE = [
    '_csrf' => '1dc443d4394e3b2d6ca6d10e77ce3d12f0f955bab7c3c851d5754ece61ded7b8a:2:{i:0;s:5:\"_csrf\";i:1;s:32:\"MQc5ctG46UhloDTEC-JunOGXqg7ij9q4\";}'
    'PHPSESSID' => '60cn6saj6kdhccsfic7re2tqv0'
    '_identity' => '6a655dc85d8317cbe5645c7f4a9b3734f273e1d86b82277efcb4f617d9e8a96aa:2:{i:0;s:9:\"_identity\";i:1;s:28:\"[\"100\",\"test100key\",2592000]\";}'
    '__io_lv' => '1481727309567'
    '__io_uid_test' => '4'
    '__io_sp' => '/test.php'
    'b' => 'b'
    'iua' => '1'
    '_ym_uid' => '1481727311391241417'
    '_ym_isad' => '2'
    '__gfp_64b' => 'Kupr112eBcLTtEcSls9U1I8DCBqNYwSl5763AvlG3O..U7'
    '__io' => '9157a8563.48729a187_1481727317794'
    '_io_un' => '14'
    'advanced-frontend' => '4341t491hrt85akrc9vi6flcn1'
    '_csrf-frontend' => '251cff058318fbc0618e18e4fe24784c10e09f9b156a14dd3fa48947ec500646a:2:{i:0;s:14:\"_csrf-frontend\";i:1;s:32:\"JIdf_14UdRlcSfAKbSHavDpuyKF1IK2K\";}'
    'advanced-backend' => '6ssj955oj658l138gs283k8976'
    '_csrf-backend' => 'ab9fdc112d24cb859483ff4a3f7b304e43f0e59da5f886c1bae07a162a034f04a:2:{i:0;s:13:\"_csrf-backend\";i:1;s:32:\"eOEXdbiJC97SLONBlZgfEXH1FtGZyWwo\";}'
]

$_SESSION = [
    '__flash' => []
]

$_SERVER = [
    'REDIRECT_STATUS' => '200'
    'HTTP_HOST' => 'localhost'
    'HTTP_CONNECTION' => 'keep-alive'
    'CONTENT_LENGTH' => '205'
    'HTTP_CACHE_CONTROL' => 'max-age=0'
    'HTTP_ORIGIN' => 'http://localhost'
    'HTTP_UPGRADE_INSECURE_REQUESTS' => '1'
    'HTTP_USER_AGENT' => 'Mozilla/5.0 (X11; Linux x86_64) AppleWebKit/537.36 (KHTML, like Gecko) Chrome/55.0.2883.75 Safari/537.36'
    'CONTENT_TYPE' => 'application/x-www-form-urlencoded'
    'HTTP_ACCEPT' => 'text/html,application/xhtml+xml,application/xml;q=0.9,image/webp,*/*;q=0.8'
    'HTTP_REFERER' => 'http://localhost/advanced/frontend/web/site/login'
    'HTTP_ACCEPT_ENCODING' => 'gzip, deflate, br'
    'HTTP_ACCEPT_LANGUAGE' => 'ru-RU,ru;q=0.8,en-US;q=0.6,en;q=0.4'
    'HTTP_COOKIE' => '_csrf=1dc443d4394e3b2d6ca6d10e77ce3d12f0f955bab7c3c851d5754ece61ded7b8a%3A2%3A%7Bi%3A0%3Bs%3A5%3A%22_csrf%22%3Bi%3A1%3Bs%3A32%3A%22MQc5ctG46UhloDTEC-JunOGXqg7ij9q4%22%3B%7D; PHPSESSID=60cn6saj6kdhccsfic7re2tqv0; _identity=6a655dc85d8317cbe5645c7f4a9b3734f273e1d86b82277efcb4f617d9e8a96aa%3A2%3A%7Bi%3A0%3Bs%3A9%3A%22_identity%22%3Bi%3A1%3Bs%3A28%3A%22%5B%22100%22%2C%22test100key%22%2C2592000%5D%22%3B%7D; __io_lv=1481727309567; __io_uid_test=4; __io_sp=/test.php; b=b; iua=1; _ym_uid=1481727311391241417; _ym_isad=2; __gfp_64b=Kupr112eBcLTtEcSls9U1I8DCBqNYwSl5763AvlG3O..U7; __io=9157a8563.48729a187_1481727317794; _io_un=14; advanced-frontend=4341t491hrt85akrc9vi6flcn1; _csrf-frontend=251cff058318fbc0618e18e4fe24784c10e09f9b156a14dd3fa48947ec500646a%3A2%3A%7Bi%3A0%3Bs%3A14%3A%22_csrf-frontend%22%3Bi%3A1%3Bs%3A32%3A%22JIdf_14UdRlcSfAKbSHavDpuyKF1IK2K%22%3B%7D; advanced-backend=6ssj955oj658l138gs283k8976; _csrf-backend=ab9fdc112d24cb859483ff4a3f7b304e43f0e59da5f886c1bae07a162a034f04a%3A2%3A%7Bi%3A0%3Bs%3A13%3A%22_csrf-backend%22%3Bi%3A1%3Bs%3A32%3A%22eOEXdbiJC97SLONBlZgfEXH1FtGZyWwo%22%3B%7D'
    'PATH' => '/usr/local/sbin:/usr/local/bin:/usr/sbin:/usr/bin:/sbin:/bin'
    'SERVER_SIGNATURE' => '<address>Apache/2.4.18 (Ubuntu) Server at localhost Port 80</address>
'
    'SERVER_SOFTWARE' => 'Apache/2.4.18 (Ubuntu)'
    'SERVER_NAME' => 'localhost'
    'SERVER_ADDR' => '127.0.0.1'
    'SERVER_PORT' => '80'
    'REMOTE_ADDR' => '127.0.0.1'
    'DOCUMENT_ROOT' => '/var/www/html'
    'REQUEST_SCHEME' => 'http'
    'CONTEXT_PREFIX' => ''
    'CONTEXT_DOCUMENT_ROOT' => '/var/www/html'
    'SERVER_ADMIN' => 'webmaster@localhost'
    'SCRIPT_FILENAME' => '/var/www/html/advanced/frontend/web/index.php'
    'REMOTE_PORT' => '60712'
    'REDIRECT_URL' => '/advanced/frontend/web/site/login'
    'GATEWAY_INTERFACE' => 'CGI/1.1'
    'SERVER_PROTOCOL' => 'HTTP/1.1'
    'REQUEST_METHOD' => 'POST'
    'QUERY_STRING' => ''
    'REQUEST_URI' => '/advanced/frontend/web/site/login'
    'SCRIPT_NAME' => '/advanced/frontend/web/index.php'
    'PHP_SELF' => '/advanced/frontend/web/index.php'
    'REQUEST_TIME_FLOAT' => 1481746016.513
    'REQUEST_TIME' => 1481746016
]
2016-12-14 20:38:47 [127.0.0.1][-][4341t491hrt85akrc9vi6flcn1][error][yii\web\HttpException:404] yii\base\InvalidRouteException: Unable to resolve the request "roshen/". in /var/www/html/advanced/vendor/yiisoft/yii2/base/Module.php:462
Stack trace:
#0 /var/www/html/advanced/vendor/yiisoft/yii2/web/Application.php(100): yii\base\Module->runAction('roshen/', Array)
#1 /var/www/html/advanced/vendor/yiisoft/yii2/base/Application.php(375): yii\web\Application->handleRequest(Object(yii\web\Request))
#2 /var/www/html/advanced/frontend/web/index.php(17): yii\base\Application->run()
#3 {main}

Next yii\web\NotFoundHttpException: Page not found. in /var/www/html/advanced/vendor/yiisoft/yii2/web/Application.php:112
Stack trace:
#0 /var/www/html/advanced/vendor/yiisoft/yii2/base/Application.php(375): yii\web\Application->handleRequest(Object(yii\web\Request))
#1 /var/www/html/advanced/frontend/web/index.php(17): yii\base\Application->run()
#2 {main}
2016-12-14 20:38:46 [127.0.0.1][-][4341t491hrt85akrc9vi6flcn1][info][application] $_COOKIE = [
    '_csrf' => '1dc443d4394e3b2d6ca6d10e77ce3d12f0f955bab7c3c851d5754ece61ded7b8a:2:{i:0;s:5:\"_csrf\";i:1;s:32:\"MQc5ctG46UhloDTEC-JunOGXqg7ij9q4\";}'
    'PHPSESSID' => '60cn6saj6kdhccsfic7re2tqv0'
    '_identity' => '6a655dc85d8317cbe5645c7f4a9b3734f273e1d86b82277efcb4f617d9e8a96aa:2:{i:0;s:9:\"_identity\";i:1;s:28:\"[\"100\",\"test100key\",2592000]\";}'
    '__io_lv' => '1481727309567'
    '__io_uid_test' => '4'
    '__io_sp' => '/test.php'
    'b' => 'b'
    'iua' => '1'
    '_ym_uid' => '1481727311391241417'
    '_ym_isad' => '2'
    '__gfp_64b' => 'Kupr112eBcLTtEcSls9U1I8DCBqNYwSl5763AvlG3O..U7'
    '__io' => '9157a8563.48729a187_1481727317794'
    '_io_un' => '14'
    'advanced-frontend' => '4341t491hrt85akrc9vi6flcn1'
    '_csrf-frontend' => '251cff058318fbc0618e18e4fe24784c10e09f9b156a14dd3fa48947ec500646a:2:{i:0;s:14:\"_csrf-frontend\";i:1;s:32:\"JIdf_14UdRlcSfAKbSHavDpuyKF1IK2K\";}'
    'advanced-backend' => '6ssj955oj658l138gs283k8976'
    '_csrf-backend' => 'ab9fdc112d24cb859483ff4a3f7b304e43f0e59da5f886c1bae07a162a034f04a:2:{i:0;s:13:\"_csrf-backend\";i:1;s:32:\"eOEXdbiJC97SLONBlZgfEXH1FtGZyWwo\";}'
]

$_SESSION = [
    '__flash' => []
    '__captcha/site/captcha' => 'tokxft'
    '__captcha/site/captchacount' => 1
]

$_SERVER = [
    'REDIRECT_STATUS' => '200'
    'HTTP_HOST' => 'localhost'
    'HTTP_CONNECTION' => 'keep-alive'
    'HTTP_UPGRADE_INSECURE_REQUESTS' => '1'
    'HTTP_USER_AGENT' => 'Mozilla/5.0 (X11; Linux x86_64) AppleWebKit/537.36 (KHTML, like Gecko) Chrome/55.0.2883.75 Safari/537.36'
    'HTTP_ACCEPT' => 'text/html,application/xhtml+xml,application/xml;q=0.9,image/webp,*/*;q=0.8'
    'HTTP_ACCEPT_ENCODING' => 'gzip, deflate, sdch, br'
    'HTTP_ACCEPT_LANGUAGE' => 'ru-RU,ru;q=0.8,en-US;q=0.6,en;q=0.4'
    'HTTP_COOKIE' => '_csrf=1dc443d4394e3b2d6ca6d10e77ce3d12f0f955bab7c3c851d5754ece61ded7b8a%3A2%3A%7Bi%3A0%3Bs%3A5%3A%22_csrf%22%3Bi%3A1%3Bs%3A32%3A%22MQc5ctG46UhloDTEC-JunOGXqg7ij9q4%22%3B%7D; PHPSESSID=60cn6saj6kdhccsfic7re2tqv0; _identity=6a655dc85d8317cbe5645c7f4a9b3734f273e1d86b82277efcb4f617d9e8a96aa%3A2%3A%7Bi%3A0%3Bs%3A9%3A%22_identity%22%3Bi%3A1%3Bs%3A28%3A%22%5B%22100%22%2C%22test100key%22%2C2592000%5D%22%3B%7D; __io_lv=1481727309567; __io_uid_test=4; __io_sp=/test.php; b=b; iua=1; _ym_uid=1481727311391241417; _ym_isad=2; __gfp_64b=Kupr112eBcLTtEcSls9U1I8DCBqNYwSl5763AvlG3O..U7; __io=9157a8563.48729a187_1481727317794; _io_un=14; advanced-frontend=4341t491hrt85akrc9vi6flcn1; _csrf-frontend=251cff058318fbc0618e18e4fe24784c10e09f9b156a14dd3fa48947ec500646a%3A2%3A%7Bi%3A0%3Bs%3A14%3A%22_csrf-frontend%22%3Bi%3A1%3Bs%3A32%3A%22JIdf_14UdRlcSfAKbSHavDpuyKF1IK2K%22%3B%7D; advanced-backend=6ssj955oj658l138gs283k8976; _csrf-backend=ab9fdc112d24cb859483ff4a3f7b304e43f0e59da5f886c1bae07a162a034f04a%3A2%3A%7Bi%3A0%3Bs%3A13%3A%22_csrf-backend%22%3Bi%3A1%3Bs%3A32%3A%22eOEXdbiJC97SLONBlZgfEXH1FtGZyWwo%22%3B%7D'
    'PATH' => '/usr/local/sbin:/usr/local/bin:/usr/sbin:/usr/bin:/sbin:/bin'
    'SERVER_SIGNATURE' => '<address>Apache/2.4.18 (Ubuntu) Server at localhost Port 80</address>
'
    'SERVER_SOFTWARE' => 'Apache/2.4.18 (Ubuntu)'
    'SERVER_NAME' => 'localhost'
    'SERVER_ADDR' => '127.0.0.1'
    'SERVER_PORT' => '80'
    'REMOTE_ADDR' => '127.0.0.1'
    'DOCUMENT_ROOT' => '/var/www/html/advanced/frontend/web'
    'REQUEST_SCHEME' => 'http'
    'CONTEXT_PREFIX' => ''
    'CONTEXT_DOCUMENT_ROOT' => '/var/www/html/advanced/frontend/web'
    'SERVER_ADMIN' => '[no address given]'
    'SCRIPT_FILENAME' => '/var/www/html/advanced/frontend/web/index.php'
    'REMOTE_PORT' => '32934'
    'REDIRECT_URL' => '/roshen/'
    'GATEWAY_INTERFACE' => 'CGI/1.1'
    'SERVER_PROTOCOL' => 'HTTP/1.1'
    'REQUEST_METHOD' => 'GET'
    'QUERY_STRING' => ''
    'REQUEST_URI' => '/roshen/'
    'SCRIPT_NAME' => '/index.php'
    'PHP_SELF' => '/index.php'
    'REQUEST_TIME_FLOAT' => 1481747926.749
    'REQUEST_TIME' => 1481747926
]
2016-12-14 20:39:08 [127.0.0.1][-][4341t491hrt85akrc9vi6flcn1][error][yii\web\HttpException:404] yii\base\InvalidRouteException: Unable to resolve the request "lv/". in /var/www/html/advanced/vendor/yiisoft/yii2/base/Module.php:462
Stack trace:
#0 /var/www/html/advanced/vendor/yiisoft/yii2/web/Application.php(100): yii\base\Module->runAction('lv/', Array)
#1 /var/www/html/advanced/vendor/yiisoft/yii2/base/Application.php(375): yii\web\Application->handleRequest(Object(yii\web\Request))
#2 /var/www/html/advanced/frontend/web/index.php(17): yii\base\Application->run()
#3 {main}

Next yii\web\NotFoundHttpException: Page not found. in /var/www/html/advanced/vendor/yiisoft/yii2/web/Application.php:112
Stack trace:
#0 /var/www/html/advanced/vendor/yiisoft/yii2/base/Application.php(375): yii\web\Application->handleRequest(Object(yii\web\Request))
#1 /var/www/html/advanced/frontend/web/index.php(17): yii\base\Application->run()
#2 {main}
2016-12-14 20:39:08 [127.0.0.1][-][4341t491hrt85akrc9vi6flcn1][info][application] $_COOKIE = [
    '_csrf' => '1dc443d4394e3b2d6ca6d10e77ce3d12f0f955bab7c3c851d5754ece61ded7b8a:2:{i:0;s:5:\"_csrf\";i:1;s:32:\"MQc5ctG46UhloDTEC-JunOGXqg7ij9q4\";}'
    'PHPSESSID' => '60cn6saj6kdhccsfic7re2tqv0'
    '_identity' => '6a655dc85d8317cbe5645c7f4a9b3734f273e1d86b82277efcb4f617d9e8a96aa:2:{i:0;s:9:\"_identity\";i:1;s:28:\"[\"100\",\"test100key\",2592000]\";}'
    '__io_lv' => '1481727309567'
    '__io_uid_test' => '4'
    '__io_sp' => '/test.php'
    'b' => 'b'
    'iua' => '1'
    '_ym_uid' => '1481727311391241417'
    '_ym_isad' => '2'
    '__gfp_64b' => 'Kupr112eBcLTtEcSls9U1I8DCBqNYwSl5763AvlG3O..U7'
    '__io' => '9157a8563.48729a187_1481727317794'
    '_io_un' => '14'
    'advanced-frontend' => '4341t491hrt85akrc9vi6flcn1'
    '_csrf-frontend' => '251cff058318fbc0618e18e4fe24784c10e09f9b156a14dd3fa48947ec500646a:2:{i:0;s:14:\"_csrf-frontend\";i:1;s:32:\"JIdf_14UdRlcSfAKbSHavDpuyKF1IK2K\";}'
    'advanced-backend' => '6ssj955oj658l138gs283k8976'
    '_csrf-backend' => 'ab9fdc112d24cb859483ff4a3f7b304e43f0e59da5f886c1bae07a162a034f04a:2:{i:0;s:13:\"_csrf-backend\";i:1;s:32:\"eOEXdbiJC97SLONBlZgfEXH1FtGZyWwo\";}'
]

$_SESSION = [
    '__flash' => []
    '__captcha/site/captcha' => 'tokxft'
    '__captcha/site/captchacount' => 1
]

$_SERVER = [
    'REDIRECT_STATUS' => '200'
    'HTTP_HOST' => 'localhost'
    'HTTP_CONNECTION' => 'keep-alive'
    'HTTP_UPGRADE_INSECURE_REQUESTS' => '1'
    'HTTP_USER_AGENT' => 'Mozilla/5.0 (X11; Linux x86_64) AppleWebKit/537.36 (KHTML, like Gecko) Chrome/55.0.2883.75 Safari/537.36'
    'HTTP_ACCEPT' => 'text/html,application/xhtml+xml,application/xml;q=0.9,image/webp,*/*;q=0.8'
    'HTTP_ACCEPT_ENCODING' => 'gzip, deflate, sdch, br'
    'HTTP_ACCEPT_LANGUAGE' => 'ru-RU,ru;q=0.8,en-US;q=0.6,en;q=0.4'
    'HTTP_COOKIE' => '_csrf=1dc443d4394e3b2d6ca6d10e77ce3d12f0f955bab7c3c851d5754ece61ded7b8a%3A2%3A%7Bi%3A0%3Bs%3A5%3A%22_csrf%22%3Bi%3A1%3Bs%3A32%3A%22MQc5ctG46UhloDTEC-JunOGXqg7ij9q4%22%3B%7D; PHPSESSID=60cn6saj6kdhccsfic7re2tqv0; _identity=6a655dc85d8317cbe5645c7f4a9b3734f273e1d86b82277efcb4f617d9e8a96aa%3A2%3A%7Bi%3A0%3Bs%3A9%3A%22_identity%22%3Bi%3A1%3Bs%3A28%3A%22%5B%22100%22%2C%22test100key%22%2C2592000%5D%22%3B%7D; __io_lv=1481727309567; __io_uid_test=4; __io_sp=/test.php; b=b; iua=1; _ym_uid=1481727311391241417; _ym_isad=2; __gfp_64b=Kupr112eBcLTtEcSls9U1I8DCBqNYwSl5763AvlG3O..U7; __io=9157a8563.48729a187_1481727317794; _io_un=14; advanced-frontend=4341t491hrt85akrc9vi6flcn1; _csrf-frontend=251cff058318fbc0618e18e4fe24784c10e09f9b156a14dd3fa48947ec500646a%3A2%3A%7Bi%3A0%3Bs%3A14%3A%22_csrf-frontend%22%3Bi%3A1%3Bs%3A32%3A%22JIdf_14UdRlcSfAKbSHavDpuyKF1IK2K%22%3B%7D; advanced-backend=6ssj955oj658l138gs283k8976; _csrf-backend=ab9fdc112d24cb859483ff4a3f7b304e43f0e59da5f886c1bae07a162a034f04a%3A2%3A%7Bi%3A0%3Bs%3A13%3A%22_csrf-backend%22%3Bi%3A1%3Bs%3A32%3A%22eOEXdbiJC97SLONBlZgfEXH1FtGZyWwo%22%3B%7D'
    'PATH' => '/usr/local/sbin:/usr/local/bin:/usr/sbin:/usr/bin:/sbin:/bin'
    'SERVER_SIGNATURE' => '<address>Apache/2.4.18 (Ubuntu) Server at localhost Port 80</address>
'
    'SERVER_SOFTWARE' => 'Apache/2.4.18 (Ubuntu)'
    'SERVER_NAME' => 'localhost'
    'SERVER_ADDR' => '127.0.0.1'
    'SERVER_PORT' => '80'
    'REMOTE_ADDR' => '127.0.0.1'
    'DOCUMENT_ROOT' => '/var/www/html/advanced/frontend/web'
    'REQUEST_SCHEME' => 'http'
    'CONTEXT_PREFIX' => ''
    'CONTEXT_DOCUMENT_ROOT' => '/var/www/html/advanced/frontend/web'
    'SERVER_ADMIN' => '[no address given]'
    'SCRIPT_FILENAME' => '/var/www/html/advanced/frontend/web/index.php'
    'REMOTE_PORT' => '32944'
    'REDIRECT_URL' => '/lv/'
    'GATEWAY_INTERFACE' => 'CGI/1.1'
    'SERVER_PROTOCOL' => 'HTTP/1.1'
    'REQUEST_METHOD' => 'GET'
    'QUERY_STRING' => ''
    'REQUEST_URI' => '/lv/'
    'SCRIPT_NAME' => '/index.php'
    'PHP_SELF' => '/index.php'
    'REQUEST_TIME_FLOAT' => 1481747948.861
    'REQUEST_TIME' => 1481747948
]
2016-12-14 20:40:06 [127.0.0.1][-][4341t491hrt85akrc9vi6flcn1][error][yii\web\HttpException:404] yii\base\InvalidRouteException: Unable to resolve the request "work/". in /var/www/html/advanced/vendor/yiisoft/yii2/base/Module.php:462
Stack trace:
#0 /var/www/html/advanced/vendor/yiisoft/yii2/web/Application.php(100): yii\base\Module->runAction('work/', Array)
#1 /var/www/html/advanced/vendor/yiisoft/yii2/base/Application.php(375): yii\web\Application->handleRequest(Object(yii\web\Request))
#2 /var/www/html/advanced/frontend/web/index.php(17): yii\base\Application->run()
#3 {main}

Next yii\web\NotFoundHttpException: Page not found. in /var/www/html/advanced/vendor/yiisoft/yii2/web/Application.php:112
Stack trace:
#0 /var/www/html/advanced/vendor/yiisoft/yii2/base/Application.php(375): yii\web\Application->handleRequest(Object(yii\web\Request))
#1 /var/www/html/advanced/frontend/web/index.php(17): yii\base\Application->run()
#2 {main}
2016-12-14 20:40:06 [127.0.0.1][-][4341t491hrt85akrc9vi6flcn1][info][application] $_COOKIE = [
    '_csrf' => '1dc443d4394e3b2d6ca6d10e77ce3d12f0f955bab7c3c851d5754ece61ded7b8a:2:{i:0;s:5:\"_csrf\";i:1;s:32:\"MQc5ctG46UhloDTEC-JunOGXqg7ij9q4\";}'
    'PHPSESSID' => '60cn6saj6kdhccsfic7re2tqv0'
    '_identity' => '6a655dc85d8317cbe5645c7f4a9b3734f273e1d86b82277efcb4f617d9e8a96aa:2:{i:0;s:9:\"_identity\";i:1;s:28:\"[\"100\",\"test100key\",2592000]\";}'
    '__io_lv' => '1481727309567'
    '__io_uid_test' => '4'
    '__io_sp' => '/test.php'
    'b' => 'b'
    'iua' => '1'
    '_ym_uid' => '1481727311391241417'
    '_ym_isad' => '2'
    '__gfp_64b' => 'Kupr112eBcLTtEcSls9U1I8DCBqNYwSl5763AvlG3O..U7'
    '__io' => '9157a8563.48729a187_1481727317794'
    '_io_un' => '14'
    'advanced-frontend' => '4341t491hrt85akrc9vi6flcn1'
    '_csrf-frontend' => '251cff058318fbc0618e18e4fe24784c10e09f9b156a14dd3fa48947ec500646a:2:{i:0;s:14:\"_csrf-frontend\";i:1;s:32:\"JIdf_14UdRlcSfAKbSHavDpuyKF1IK2K\";}'
    'advanced-backend' => '6ssj955oj658l138gs283k8976'
    '_csrf-backend' => 'ab9fdc112d24cb859483ff4a3f7b304e43f0e59da5f886c1bae07a162a034f04a:2:{i:0;s:13:\"_csrf-backend\";i:1;s:32:\"eOEXdbiJC97SLONBlZgfEXH1FtGZyWwo\";}'
]

$_SESSION = [
    '__flash' => []
    '__captcha/site/captcha' => 'tokxft'
    '__captcha/site/captchacount' => 1
]

$_SERVER = [
    'REDIRECT_STATUS' => '200'
    'HTTP_HOST' => 'localhost'
    'HTTP_CONNECTION' => 'keep-alive'
    'HTTP_UPGRADE_INSECURE_REQUESTS' => '1'
    'HTTP_USER_AGENT' => 'Mozilla/5.0 (X11; Linux x86_64) AppleWebKit/537.36 (KHTML, like Gecko) Chrome/55.0.2883.75 Safari/537.36'
    'HTTP_ACCEPT' => 'text/html,application/xhtml+xml,application/xml;q=0.9,image/webp,*/*;q=0.8'
    'HTTP_ACCEPT_ENCODING' => 'gzip, deflate, sdch, br'
    'HTTP_ACCEPT_LANGUAGE' => 'ru-RU,ru;q=0.8,en-US;q=0.6,en;q=0.4'
    'HTTP_COOKIE' => '_csrf=1dc443d4394e3b2d6ca6d10e77ce3d12f0f955bab7c3c851d5754ece61ded7b8a%3A2%3A%7Bi%3A0%3Bs%3A5%3A%22_csrf%22%3Bi%3A1%3Bs%3A32%3A%22MQc5ctG46UhloDTEC-JunOGXqg7ij9q4%22%3B%7D; PHPSESSID=60cn6saj6kdhccsfic7re2tqv0; _identity=6a655dc85d8317cbe5645c7f4a9b3734f273e1d86b82277efcb4f617d9e8a96aa%3A2%3A%7Bi%3A0%3Bs%3A9%3A%22_identity%22%3Bi%3A1%3Bs%3A28%3A%22%5B%22100%22%2C%22test100key%22%2C2592000%5D%22%3B%7D; __io_lv=1481727309567; __io_uid_test=4; __io_sp=/test.php; b=b; iua=1; _ym_uid=1481727311391241417; _ym_isad=2; __gfp_64b=Kupr112eBcLTtEcSls9U1I8DCBqNYwSl5763AvlG3O..U7; __io=9157a8563.48729a187_1481727317794; _io_un=14; advanced-frontend=4341t491hrt85akrc9vi6flcn1; _csrf-frontend=251cff058318fbc0618e18e4fe24784c10e09f9b156a14dd3fa48947ec500646a%3A2%3A%7Bi%3A0%3Bs%3A14%3A%22_csrf-frontend%22%3Bi%3A1%3Bs%3A32%3A%22JIdf_14UdRlcSfAKbSHavDpuyKF1IK2K%22%3B%7D; advanced-backend=6ssj955oj658l138gs283k8976; _csrf-backend=ab9fdc112d24cb859483ff4a3f7b304e43f0e59da5f886c1bae07a162a034f04a%3A2%3A%7Bi%3A0%3Bs%3A13%3A%22_csrf-backend%22%3Bi%3A1%3Bs%3A32%3A%22eOEXdbiJC97SLONBlZgfEXH1FtGZyWwo%22%3B%7D'
    'PATH' => '/usr/local/sbin:/usr/local/bin:/usr/sbin:/usr/bin:/sbin:/bin'
    'SERVER_SIGNATURE' => '<address>Apache/2.4.18 (Ubuntu) Server at localhost Port 80</address>
'
    'SERVER_SOFTWARE' => 'Apache/2.4.18 (Ubuntu)'
    'SERVER_NAME' => 'localhost'
    'SERVER_ADDR' => '127.0.0.1'
    'SERVER_PORT' => '80'
    'REMOTE_ADDR' => '127.0.0.1'
    'DOCUMENT_ROOT' => '/var/www/html/advanced/frontend/web'
    'REQUEST_SCHEME' => 'http'
    'CONTEXT_PREFIX' => ''
    'CONTEXT_DOCUMENT_ROOT' => '/var/www/html/advanced/frontend/web'
    'SERVER_ADMIN' => '[no address given]'
    'SCRIPT_FILENAME' => '/var/www/html/advanced/frontend/web/index.php'
    'REMOTE_PORT' => '32952'
    'REDIRECT_URL' => '/work/'
    'GATEWAY_INTERFACE' => 'CGI/1.1'
    'SERVER_PROTOCOL' => 'HTTP/1.1'
    'REQUEST_METHOD' => 'GET'
    'QUERY_STRING' => ''
    'REQUEST_URI' => '/work/'
    'SCRIPT_NAME' => '/index.php'
    'PHP_SELF' => '/index.php'
    'REQUEST_TIME_FLOAT' => 1481748006.709
    'REQUEST_TIME' => 1481748006
]
2016-12-14 20:41:48 [127.0.0.1][-][1bcis93vsvaetcsiej953bs221][error][yii\web\HttpException:404] yii\base\InvalidRouteException: Unable to resolve the request "work/". in /var/www/html/advanced/vendor/yiisoft/yii2/base/Module.php:462
Stack trace:
#0 /var/www/html/advanced/vendor/yiisoft/yii2/web/Application.php(100): yii\base\Module->runAction('work/', Array)
#1 /var/www/html/advanced/vendor/yiisoft/yii2/base/Application.php(375): yii\web\Application->handleRequest(Object(yii\web\Request))
#2 /var/www/html/advanced/frontend/web/index.php(17): yii\base\Application->run()
#3 {main}

Next yii\web\NotFoundHttpException: Page not found. in /var/www/html/advanced/vendor/yiisoft/yii2/web/Application.php:112
Stack trace:
#0 /var/www/html/advanced/vendor/yiisoft/yii2/base/Application.php(375): yii\web\Application->handleRequest(Object(yii\web\Request))
#1 /var/www/html/advanced/frontend/web/index.php(17): yii\base\Application->run()
#2 {main}
2016-12-14 20:41:48 [127.0.0.1][-][1bcis93vsvaetcsiej953bs221][info][application] $_SESSION = [
    '__flash' => []
]

$_SERVER = [
    'REDIRECT_STATUS' => '200'
    'HTTP_HOST' => '127.0.0.1'
    'HTTP_CONNECTION' => 'keep-alive'
    'HTTP_UPGRADE_INSECURE_REQUESTS' => '1'
    'HTTP_USER_AGENT' => 'Mozilla/5.0 (X11; Linux x86_64) AppleWebKit/537.36 (KHTML, like Gecko) Chrome/55.0.2883.75 Safari/537.36'
    'HTTP_ACCEPT' => 'text/html,application/xhtml+xml,application/xml;q=0.9,image/webp,*/*;q=0.8'
    'HTTP_ACCEPT_ENCODING' => 'gzip, deflate, sdch, br'
    'HTTP_ACCEPT_LANGUAGE' => 'ru-RU,ru;q=0.8,en-US;q=0.6,en;q=0.4'
    'PATH' => '/usr/local/sbin:/usr/local/bin:/usr/sbin:/usr/bin:/sbin:/bin'
    'SERVER_SIGNATURE' => '<address>Apache/2.4.18 (Ubuntu) Server at 127.0.0.1 Port 80</address>
'
    'SERVER_SOFTWARE' => 'Apache/2.4.18 (Ubuntu)'
    'SERVER_NAME' => '127.0.0.1'
    'SERVER_ADDR' => '127.0.0.1'
    'SERVER_PORT' => '80'
    'REMOTE_ADDR' => '127.0.0.1'
    'DOCUMENT_ROOT' => '/var/www/html/advanced/frontend/web'
    'REQUEST_SCHEME' => 'http'
    'CONTEXT_PREFIX' => ''
    'CONTEXT_DOCUMENT_ROOT' => '/var/www/html/advanced/frontend/web'
    'SERVER_ADMIN' => '[no address given]'
    'SCRIPT_FILENAME' => '/var/www/html/advanced/frontend/web/index.php'
    'REMOTE_PORT' => '32954'
    'REDIRECT_URL' => '/work/'
    'GATEWAY_INTERFACE' => 'CGI/1.1'
    'SERVER_PROTOCOL' => 'HTTP/1.1'
    'REQUEST_METHOD' => 'GET'
    'QUERY_STRING' => ''
    'REQUEST_URI' => '/work/'
    'SCRIPT_NAME' => '/index.php'
    'PHP_SELF' => '/index.php'
    'REQUEST_TIME_FLOAT' => 1481748108.659
    'REQUEST_TIME' => 1481748108
]
2016-12-14 20:42:21 [127.0.0.1][-][4341t491hrt85akrc9vi6flcn1][error][yii\web\HttpException:404] yii\base\InvalidRouteException: Unable to resolve the request "basic/web/". in /var/www/html/advanced/vendor/yiisoft/yii2/base/Module.php:462
Stack trace:
#0 /var/www/html/advanced/vendor/yiisoft/yii2/web/Application.php(100): yii\base\Module->runAction('basic/web/', Array)
#1 /var/www/html/advanced/vendor/yiisoft/yii2/base/Application.php(375): yii\web\Application->handleRequest(Object(yii\web\Request))
#2 /var/www/html/advanced/frontend/web/index.php(17): yii\base\Application->run()
#3 {main}

Next yii\web\NotFoundHttpException: Page not found. in /var/www/html/advanced/vendor/yiisoft/yii2/web/Application.php:112
Stack trace:
#0 /var/www/html/advanced/vendor/yiisoft/yii2/base/Application.php(375): yii\web\Application->handleRequest(Object(yii\web\Request))
#1 /var/www/html/advanced/frontend/web/index.php(17): yii\base\Application->run()
#2 {main}
2016-12-14 20:42:21 [127.0.0.1][-][4341t491hrt85akrc9vi6flcn1][info][application] $_COOKIE = [
    '_csrf' => '1dc443d4394e3b2d6ca6d10e77ce3d12f0f955bab7c3c851d5754ece61ded7b8a:2:{i:0;s:5:\"_csrf\";i:1;s:32:\"MQc5ctG46UhloDTEC-JunOGXqg7ij9q4\";}'
    'PHPSESSID' => '60cn6saj6kdhccsfic7re2tqv0'
    '_identity' => '6a655dc85d8317cbe5645c7f4a9b3734f273e1d86b82277efcb4f617d9e8a96aa:2:{i:0;s:9:\"_identity\";i:1;s:28:\"[\"100\",\"test100key\",2592000]\";}'
    '__io_lv' => '1481727309567'
    '__io_uid_test' => '4'
    '__io_sp' => '/test.php'
    'b' => 'b'
    'iua' => '1'
    '_ym_uid' => '1481727311391241417'
    '_ym_isad' => '2'
    '__gfp_64b' => 'Kupr112eBcLTtEcSls9U1I8DCBqNYwSl5763AvlG3O..U7'
    '__io' => '9157a8563.48729a187_1481727317794'
    '_io_un' => '14'
    'advanced-frontend' => '4341t491hrt85akrc9vi6flcn1'
    '_csrf-frontend' => '251cff058318fbc0618e18e4fe24784c10e09f9b156a14dd3fa48947ec500646a:2:{i:0;s:14:\"_csrf-frontend\";i:1;s:32:\"JIdf_14UdRlcSfAKbSHavDpuyKF1IK2K\";}'
    'advanced-backend' => '6ssj955oj658l138gs283k8976'
    '_csrf-backend' => 'ab9fdc112d24cb859483ff4a3f7b304e43f0e59da5f886c1bae07a162a034f04a:2:{i:0;s:13:\"_csrf-backend\";i:1;s:32:\"eOEXdbiJC97SLONBlZgfEXH1FtGZyWwo\";}'
]

$_SESSION = [
    '__flash' => []
    '__captcha/site/captcha' => 'tokxft'
    '__captcha/site/captchacount' => 1
]

$_SERVER = [
    'REDIRECT_STATUS' => '200'
    'HTTP_HOST' => 'localhost'
    'HTTP_CONNECTION' => 'keep-alive'
    'HTTP_UPGRADE_INSECURE_REQUESTS' => '1'
    'HTTP_USER_AGENT' => 'Mozilla/5.0 (X11; Linux x86_64) AppleWebKit/537.36 (KHTML, like Gecko) Chrome/55.0.2883.75 Safari/537.36'
    'HTTP_ACCEPT' => 'text/html,application/xhtml+xml,application/xml;q=0.9,image/webp,*/*;q=0.8'
    'HTTP_ACCEPT_ENCODING' => 'gzip, deflate, sdch, br'
    'HTTP_ACCEPT_LANGUAGE' => 'ru-RU,ru;q=0.8,en-US;q=0.6,en;q=0.4'
    'HTTP_COOKIE' => '_csrf=1dc443d4394e3b2d6ca6d10e77ce3d12f0f955bab7c3c851d5754ece61ded7b8a%3A2%3A%7Bi%3A0%3Bs%3A5%3A%22_csrf%22%3Bi%3A1%3Bs%3A32%3A%22MQc5ctG46UhloDTEC-JunOGXqg7ij9q4%22%3B%7D; PHPSESSID=60cn6saj6kdhccsfic7re2tqv0; _identity=6a655dc85d8317cbe5645c7f4a9b3734f273e1d86b82277efcb4f617d9e8a96aa%3A2%3A%7Bi%3A0%3Bs%3A9%3A%22_identity%22%3Bi%3A1%3Bs%3A28%3A%22%5B%22100%22%2C%22test100key%22%2C2592000%5D%22%3B%7D; __io_lv=1481727309567; __io_uid_test=4; __io_sp=/test.php; b=b; iua=1; _ym_uid=1481727311391241417; _ym_isad=2; __gfp_64b=Kupr112eBcLTtEcSls9U1I8DCBqNYwSl5763AvlG3O..U7; __io=9157a8563.48729a187_1481727317794; _io_un=14; advanced-frontend=4341t491hrt85akrc9vi6flcn1; _csrf-frontend=251cff058318fbc0618e18e4fe24784c10e09f9b156a14dd3fa48947ec500646a%3A2%3A%7Bi%3A0%3Bs%3A14%3A%22_csrf-frontend%22%3Bi%3A1%3Bs%3A32%3A%22JIdf_14UdRlcSfAKbSHavDpuyKF1IK2K%22%3B%7D; advanced-backend=6ssj955oj658l138gs283k8976; _csrf-backend=ab9fdc112d24cb859483ff4a3f7b304e43f0e59da5f886c1bae07a162a034f04a%3A2%3A%7Bi%3A0%3Bs%3A13%3A%22_csrf-backend%22%3Bi%3A1%3Bs%3A32%3A%22eOEXdbiJC97SLONBlZgfEXH1FtGZyWwo%22%3B%7D'
    'PATH' => '/usr/local/sbin:/usr/local/bin:/usr/sbin:/usr/bin:/sbin:/bin'
    'SERVER_SIGNATURE' => '<address>Apache/2.4.18 (Ubuntu) Server at localhost Port 80</address>
'
    'SERVER_SOFTWARE' => 'Apache/2.4.18 (Ubuntu)'
    'SERVER_NAME' => 'localhost'
    'SERVER_ADDR' => '127.0.0.1'
    'SERVER_PORT' => '80'
    'REMOTE_ADDR' => '127.0.0.1'
    'DOCUMENT_ROOT' => '/var/www/html/advanced/frontend/web'
    'REQUEST_SCHEME' => 'http'
    'CONTEXT_PREFIX' => ''
    'CONTEXT_DOCUMENT_ROOT' => '/var/www/html/advanced/frontend/web'
    'SERVER_ADMIN' => '[no address given]'
    'SCRIPT_FILENAME' => '/var/www/html/advanced/frontend/web/index.php'
    'REMOTE_PORT' => '32960'
    'REDIRECT_URL' => '/basic/web/'
    'GATEWAY_INTERFACE' => 'CGI/1.1'
    'SERVER_PROTOCOL' => 'HTTP/1.1'
    'REQUEST_METHOD' => 'GET'
    'QUERY_STRING' => ''
    'REQUEST_URI' => '/basic/web/'
    'SCRIPT_NAME' => '/index.php'
    'PHP_SELF' => '/index.php'
    'REQUEST_TIME_FLOAT' => 1481748141.177
    'REQUEST_TIME' => 1481748141
]
2016-12-14 20:43:01 [127.0.0.1][-][4341t491hrt85akrc9vi6flcn1][error][yii\web\HttpException:404] yii\base\InvalidRouteException: Unable to resolve the request "roshen/". in /var/www/html/advanced/vendor/yiisoft/yii2/base/Module.php:462
Stack trace:
#0 /var/www/html/advanced/vendor/yiisoft/yii2/web/Application.php(100): yii\base\Module->runAction('roshen/', Array)
#1 /var/www/html/advanced/vendor/yiisoft/yii2/base/Application.php(375): yii\web\Application->handleRequest(Object(yii\web\Request))
#2 /var/www/html/advanced/frontend/web/index.php(17): yii\base\Application->run()
#3 {main}

Next yii\web\NotFoundHttpException: Page not found. in /var/www/html/advanced/vendor/yiisoft/yii2/web/Application.php:112
Stack trace:
#0 /var/www/html/advanced/vendor/yiisoft/yii2/base/Application.php(375): yii\web\Application->handleRequest(Object(yii\web\Request))
#1 /var/www/html/advanced/frontend/web/index.php(17): yii\base\Application->run()
#2 {main}
2016-12-14 20:43:01 [127.0.0.1][-][4341t491hrt85akrc9vi6flcn1][info][application] $_COOKIE = [
    '_csrf' => '1dc443d4394e3b2d6ca6d10e77ce3d12f0f955bab7c3c851d5754ece61ded7b8a:2:{i:0;s:5:\"_csrf\";i:1;s:32:\"MQc5ctG46UhloDTEC-JunOGXqg7ij9q4\";}'
    'PHPSESSID' => '60cn6saj6kdhccsfic7re2tqv0'
    '_identity' => '6a655dc85d8317cbe5645c7f4a9b3734f273e1d86b82277efcb4f617d9e8a96aa:2:{i:0;s:9:\"_identity\";i:1;s:28:\"[\"100\",\"test100key\",2592000]\";}'
    '__io_lv' => '1481727309567'
    '__io_uid_test' => '4'
    '__io_sp' => '/test.php'
    'b' => 'b'
    'iua' => '1'
    '_ym_uid' => '1481727311391241417'
    '_ym_isad' => '2'
    '__gfp_64b' => 'Kupr112eBcLTtEcSls9U1I8DCBqNYwSl5763AvlG3O..U7'
    '__io' => '9157a8563.48729a187_1481727317794'
    '_io_un' => '14'
    'advanced-frontend' => '4341t491hrt85akrc9vi6flcn1'
    '_csrf-frontend' => '251cff058318fbc0618e18e4fe24784c10e09f9b156a14dd3fa48947ec500646a:2:{i:0;s:14:\"_csrf-frontend\";i:1;s:32:\"JIdf_14UdRlcSfAKbSHavDpuyKF1IK2K\";}'
    'advanced-backend' => '6ssj955oj658l138gs283k8976'
    '_csrf-backend' => 'ab9fdc112d24cb859483ff4a3f7b304e43f0e59da5f886c1bae07a162a034f04a:2:{i:0;s:13:\"_csrf-backend\";i:1;s:32:\"eOEXdbiJC97SLONBlZgfEXH1FtGZyWwo\";}'
]

$_SESSION = [
    '__flash' => []
    '__captcha/site/captcha' => 'tokxft'
    '__captcha/site/captchacount' => 1
]

$_SERVER = [
    'REDIRECT_STATUS' => '200'
    'HTTP_HOST' => 'localhost'
    'HTTP_CONNECTION' => 'keep-alive'
    'HTTP_UPGRADE_INSECURE_REQUESTS' => '1'
    'HTTP_USER_AGENT' => 'Mozilla/5.0 (X11; Linux x86_64) AppleWebKit/537.36 (KHTML, like Gecko) Chrome/55.0.2883.75 Safari/537.36'
    'HTTP_ACCEPT' => 'text/html,application/xhtml+xml,application/xml;q=0.9,image/webp,*/*;q=0.8'
    'HTTP_ACCEPT_ENCODING' => 'gzip, deflate, sdch, br'
    'HTTP_ACCEPT_LANGUAGE' => 'ru-RU,ru;q=0.8,en-US;q=0.6,en;q=0.4'
    'HTTP_COOKIE' => '_csrf=1dc443d4394e3b2d6ca6d10e77ce3d12f0f955bab7c3c851d5754ece61ded7b8a%3A2%3A%7Bi%3A0%3Bs%3A5%3A%22_csrf%22%3Bi%3A1%3Bs%3A32%3A%22MQc5ctG46UhloDTEC-JunOGXqg7ij9q4%22%3B%7D; PHPSESSID=60cn6saj6kdhccsfic7re2tqv0; _identity=6a655dc85d8317cbe5645c7f4a9b3734f273e1d86b82277efcb4f617d9e8a96aa%3A2%3A%7Bi%3A0%3Bs%3A9%3A%22_identity%22%3Bi%3A1%3Bs%3A28%3A%22%5B%22100%22%2C%22test100key%22%2C2592000%5D%22%3B%7D; __io_lv=1481727309567; __io_uid_test=4; __io_sp=/test.php; b=b; iua=1; _ym_uid=1481727311391241417; _ym_isad=2; __gfp_64b=Kupr112eBcLTtEcSls9U1I8DCBqNYwSl5763AvlG3O..U7; __io=9157a8563.48729a187_1481727317794; _io_un=14; advanced-frontend=4341t491hrt85akrc9vi6flcn1; _csrf-frontend=251cff058318fbc0618e18e4fe24784c10e09f9b156a14dd3fa48947ec500646a%3A2%3A%7Bi%3A0%3Bs%3A14%3A%22_csrf-frontend%22%3Bi%3A1%3Bs%3A32%3A%22JIdf_14UdRlcSfAKbSHavDpuyKF1IK2K%22%3B%7D; advanced-backend=6ssj955oj658l138gs283k8976; _csrf-backend=ab9fdc112d24cb859483ff4a3f7b304e43f0e59da5f886c1bae07a162a034f04a%3A2%3A%7Bi%3A0%3Bs%3A13%3A%22_csrf-backend%22%3Bi%3A1%3Bs%3A32%3A%22eOEXdbiJC97SLONBlZgfEXH1FtGZyWwo%22%3B%7D'
    'PATH' => '/usr/local/sbin:/usr/local/bin:/usr/sbin:/usr/bin:/sbin:/bin'
    'SERVER_SIGNATURE' => '<address>Apache/2.4.18 (Ubuntu) Server at localhost Port 80</address>
'
    'SERVER_SOFTWARE' => 'Apache/2.4.18 (Ubuntu)'
    'SERVER_NAME' => 'localhost'
    'SERVER_ADDR' => '127.0.0.1'
    'SERVER_PORT' => '80'
    'REMOTE_ADDR' => '127.0.0.1'
    'DOCUMENT_ROOT' => '/var/www/html/advanced/frontend/web'
    'REQUEST_SCHEME' => 'http'
    'CONTEXT_PREFIX' => ''
    'CONTEXT_DOCUMENT_ROOT' => '/var/www/html/advanced/frontend/web'
    'SERVER_ADMIN' => '[no address given]'
    'SCRIPT_FILENAME' => '/var/www/html/advanced/frontend/web/index.php'
    'REMOTE_PORT' => '32998'
    'REDIRECT_URL' => '/roshen/'
    'GATEWAY_INTERFACE' => 'CGI/1.1'
    'SERVER_PROTOCOL' => 'HTTP/1.1'
    'REQUEST_METHOD' => 'GET'
    'QUERY_STRING' => ''
    'REQUEST_URI' => '/roshen/'
    'SCRIPT_NAME' => '/index.php'
    'PHP_SELF' => '/index.php'
    'REQUEST_TIME_FLOAT' => 1481748181.347
    'REQUEST_TIME' => 1481748181
]
2016-12-14 20:43:04 [127.0.0.1][-][4341t491hrt85akrc9vi6flcn1][error][yii\web\HttpException:404] yii\base\InvalidRouteException: Unable to resolve the request "roshen/". in /var/www/html/advanced/vendor/yiisoft/yii2/base/Module.php:462
Stack trace:
#0 /var/www/html/advanced/vendor/yiisoft/yii2/web/Application.php(100): yii\base\Module->runAction('roshen/', Array)
#1 /var/www/html/advanced/vendor/yiisoft/yii2/base/Application.php(375): yii\web\Application->handleRequest(Object(yii\web\Request))
#2 /var/www/html/advanced/frontend/web/index.php(17): yii\base\Application->run()
#3 {main}

Next yii\web\NotFoundHttpException: Page not found. in /var/www/html/advanced/vendor/yiisoft/yii2/web/Application.php:112
Stack trace:
#0 /var/www/html/advanced/vendor/yiisoft/yii2/base/Application.php(375): yii\web\Application->handleRequest(Object(yii\web\Request))
#1 /var/www/html/advanced/frontend/web/index.php(17): yii\base\Application->run()
#2 {main}
2016-12-14 20:43:04 [127.0.0.1][-][4341t491hrt85akrc9vi6flcn1][info][application] $_COOKIE = [
    '_csrf' => '1dc443d4394e3b2d6ca6d10e77ce3d12f0f955bab7c3c851d5754ece61ded7b8a:2:{i:0;s:5:\"_csrf\";i:1;s:32:\"MQc5ctG46UhloDTEC-JunOGXqg7ij9q4\";}'
    'PHPSESSID' => '60cn6saj6kdhccsfic7re2tqv0'
    '_identity' => '6a655dc85d8317cbe5645c7f4a9b3734f273e1d86b82277efcb4f617d9e8a96aa:2:{i:0;s:9:\"_identity\";i:1;s:28:\"[\"100\",\"test100key\",2592000]\";}'
    '__io_lv' => '1481727309567'
    '__io_uid_test' => '4'
    '__io_sp' => '/test.php'
    'b' => 'b'
    'iua' => '1'
    '_ym_uid' => '1481727311391241417'
    '_ym_isad' => '2'
    '__gfp_64b' => 'Kupr112eBcLTtEcSls9U1I8DCBqNYwSl5763AvlG3O..U7'
    '__io' => '9157a8563.48729a187_1481727317794'
    '_io_un' => '14'
    'advanced-frontend' => '4341t491hrt85akrc9vi6flcn1'
    '_csrf-frontend' => '251cff058318fbc0618e18e4fe24784c10e09f9b156a14dd3fa48947ec500646a:2:{i:0;s:14:\"_csrf-frontend\";i:1;s:32:\"JIdf_14UdRlcSfAKbSHavDpuyKF1IK2K\";}'
    'advanced-backend' => '6ssj955oj658l138gs283k8976'
    '_csrf-backend' => 'ab9fdc112d24cb859483ff4a3f7b304e43f0e59da5f886c1bae07a162a034f04a:2:{i:0;s:13:\"_csrf-backend\";i:1;s:32:\"eOEXdbiJC97SLONBlZgfEXH1FtGZyWwo\";}'
]

$_SESSION = [
    '__flash' => []
    '__captcha/site/captcha' => 'tokxft'
    '__captcha/site/captchacount' => 1
]

$_SERVER = [
    'REDIRECT_STATUS' => '200'
    'HTTP_HOST' => 'localhost'
    'HTTP_CONNECTION' => 'keep-alive'
    'HTTP_CACHE_CONTROL' => 'max-age=0'
    'HTTP_UPGRADE_INSECURE_REQUESTS' => '1'
    'HTTP_USER_AGENT' => 'Mozilla/5.0 (X11; Linux x86_64) AppleWebKit/537.36 (KHTML, like Gecko) Chrome/55.0.2883.75 Safari/537.36'
    'HTTP_ACCEPT' => 'text/html,application/xhtml+xml,application/xml;q=0.9,image/webp,*/*;q=0.8'
    'HTTP_ACCEPT_ENCODING' => 'gzip, deflate, sdch, br'
    'HTTP_ACCEPT_LANGUAGE' => 'ru-RU,ru;q=0.8,en-US;q=0.6,en;q=0.4'
    'HTTP_COOKIE' => '_csrf=1dc443d4394e3b2d6ca6d10e77ce3d12f0f955bab7c3c851d5754ece61ded7b8a%3A2%3A%7Bi%3A0%3Bs%3A5%3A%22_csrf%22%3Bi%3A1%3Bs%3A32%3A%22MQc5ctG46UhloDTEC-JunOGXqg7ij9q4%22%3B%7D; PHPSESSID=60cn6saj6kdhccsfic7re2tqv0; _identity=6a655dc85d8317cbe5645c7f4a9b3734f273e1d86b82277efcb4f617d9e8a96aa%3A2%3A%7Bi%3A0%3Bs%3A9%3A%22_identity%22%3Bi%3A1%3Bs%3A28%3A%22%5B%22100%22%2C%22test100key%22%2C2592000%5D%22%3B%7D; __io_lv=1481727309567; __io_uid_test=4; __io_sp=/test.php; b=b; iua=1; _ym_uid=1481727311391241417; _ym_isad=2; __gfp_64b=Kupr112eBcLTtEcSls9U1I8DCBqNYwSl5763AvlG3O..U7; __io=9157a8563.48729a187_1481727317794; _io_un=14; advanced-frontend=4341t491hrt85akrc9vi6flcn1; _csrf-frontend=251cff058318fbc0618e18e4fe24784c10e09f9b156a14dd3fa48947ec500646a%3A2%3A%7Bi%3A0%3Bs%3A14%3A%22_csrf-frontend%22%3Bi%3A1%3Bs%3A32%3A%22JIdf_14UdRlcSfAKbSHavDpuyKF1IK2K%22%3B%7D; advanced-backend=6ssj955oj658l138gs283k8976; _csrf-backend=ab9fdc112d24cb859483ff4a3f7b304e43f0e59da5f886c1bae07a162a034f04a%3A2%3A%7Bi%3A0%3Bs%3A13%3A%22_csrf-backend%22%3Bi%3A1%3Bs%3A32%3A%22eOEXdbiJC97SLONBlZgfEXH1FtGZyWwo%22%3B%7D'
    'PATH' => '/usr/local/sbin:/usr/local/bin:/usr/sbin:/usr/bin:/sbin:/bin'
    'SERVER_SIGNATURE' => '<address>Apache/2.4.18 (Ubuntu) Server at localhost Port 80</address>
'
    'SERVER_SOFTWARE' => 'Apache/2.4.18 (Ubuntu)'
    'SERVER_NAME' => 'localhost'
    'SERVER_ADDR' => '127.0.0.1'
    'SERVER_PORT' => '80'
    'REMOTE_ADDR' => '127.0.0.1'
    'DOCUMENT_ROOT' => '/var/www/html/advanced/frontend/web'
    'REQUEST_SCHEME' => 'http'
    'CONTEXT_PREFIX' => ''
    'CONTEXT_DOCUMENT_ROOT' => '/var/www/html/advanced/frontend/web'
    'SERVER_ADMIN' => '[no address given]'
    'SCRIPT_FILENAME' => '/var/www/html/advanced/frontend/web/index.php'
    'REMOTE_PORT' => '32998'
    'REDIRECT_URL' => '/roshen/'
    'GATEWAY_INTERFACE' => 'CGI/1.1'
    'SERVER_PROTOCOL' => 'HTTP/1.1'
    'REQUEST_METHOD' => 'GET'
    'QUERY_STRING' => ''
    'REQUEST_URI' => '/roshen/'
    'SCRIPT_NAME' => '/index.php'
    'PHP_SELF' => '/index.php'
    'REQUEST_TIME_FLOAT' => 1481748184.681
    'REQUEST_TIME' => 1481748184
]
